<?xml version="1.0" encoding="UTF-8" ?>
<testsuite tests="7" failures="1" name="orderStatistic.KLargestOrderStatisticsImplTest" time="0.01" errors="0" skipped="0">
  <properties>
[...]
</properties>
  <testcase classname="orderStatistic.KLargestOrderStatisticsImplTest" name="testSort01" time="0.008">
    <failure message="expected:&lt;11&gt; but was:&lt;29&gt;" type="junit.framework.AssertionFailedError">junit.framework.AssertionFailedError: expected:&lt;11&gt; but was:&lt;29&gt;
	at junit.framework.Assert.fail(Assert.java:57)
	at junit.framework.Assert.failNotEquals(Assert.java:329)
	at junit.framework.Assert.assertEquals(Assert.java:78)
	at junit.framework.Assert.assertEquals(Assert.java:86)
	at junit.framework.TestCase.assertEquals(TestCase.java:253)
	at orderStatistic.KLargestOrderStatisticsImplTest.testSort01(KLargestOrderStatisticsImplTest.java:51)
	at java.base/jdk.internal.reflect.NativeMethodAccessorImpl.invoke0(Native Method)
	at java.base/jdk.internal.reflect.NativeMethodAccessorImpl.invoke(NativeMethodAccessorImpl.java:62)
	at java.base/jdk.internal.reflect.DelegatingMethodAccessorImpl.invoke(DelegatingMethodAccessorImpl.java:43)
	at java.base/java.lang.reflect.Method.invoke(Method.java:566)
	at junit.framework.TestCase.runTest(TestCase.java:176)
	at junit.framework.TestCase.runBare(TestCase.java:141)
	at junit.framework.TestResult$1.protect(TestResult.java:122)
	at junit.framework.TestResult.runProtected(TestResult.java:142)
	at junit.framework.TestResult.run(TestResult.java:125)
	at junit.framework.TestCase.run(TestCase.java:129)
	at junit.framework.TestSuite.runTest(TestSuite.java:252)
	at junit.framework.TestSuite.run(TestSuite.java:247)
	at org.junit.internal.runners.JUnit38ClassRunner.run(JUnit38ClassRunner.java:86)
	at org.apache.maven.surefire.junit4.JUnit4Provider.execute(JUnit4Provider.java:252)
	at org.apache.maven.surefire.junit4.JUnit4Provider.executeTestSet(JUnit4Provider.java:141)
	at org.apache.maven.surefire.junit4.JUnit4Provider.invoke(JUnit4Provider.java:112)
	at java.base/jdk.internal.reflect.NativeMethodAccessorImpl.invoke0(Native Method)
	at java.base/jdk.internal.reflect.NativeMethodAccessorImpl.invoke(NativeMethodAccessorImpl.java:62)
	at java.base/jdk.internal.reflect.DelegatingMethodAccessorImpl.invoke(DelegatingMethodAccessorImpl.java:43)
	at java.base/java.lang.reflect.Method.invoke(Method.java:566)
	at org.apache.maven.surefire.util.ReflectionUtils.invokeMethodWithArray(ReflectionUtils.java:189)
	at org.apache.maven.surefire.booter.ProviderFactory$ProviderProxy.invoke(ProviderFactory.java:165)
	at org.apache.maven.surefire.booter.ProviderFactory.invokeProvider(ProviderFactory.java:85)
	at org.apache.maven.surefire.booter.ForkedBooter.runSuitesInProcess(ForkedBooter.java:115)
	at org.apache.maven.surefire.booter.ForkedBooter.main(ForkedBooter.java:75)
</failure>
  </testcase>
  <testcase classname="orderStatistic.KLargestOrderStatisticsImplTest" name="testSort02" time="0"/>
  <testcase classname="orderStatistic.KLargestOrderStatisticsImplTest" name="testSort03" time="0"/>
  <testcase classname="orderStatistic.KLargestOrderStatisticsImplTest" name="testSort04" time="0"/>
  <testcase classname="orderStatistic.KLargestOrderStatisticsImplTest" name="testSort05" time="0"/>
  <testcase classname="orderStatistic.KLargestOrderStatisticsImplTest" name="testSort100" time="0"/>
  <testcase classname="orderStatistic.KLargestOrderStatisticsImplTest" name="testSort101" time="0.002"/>
</testsuite>